<?xml version="1.0" encoding="UTF-8"?>
<!-- Generated by org.testng.reporters.JUnitXMLReporter -->
<testsuite hostname="Neha" name="Test" tests="17" failures="3" timestamp="20 Sep 2016 06:05:54 GMT" time="154.348" errors="0">
  <testcase name="" time="1.674" classname="heartkeeper.Signup"/>
  <testcase name="" time="1.263" classname="heartkeeper.Signup">
    <failure type="org.openqa.selenium.WebDriverException" message="unknown error: Element is not clickable at point (1265, 22). Other element would receive the click: &amp;lt;div class=&amp;quot;md-dialog-container ng-scope&amp;quot; tabindex=&amp;quot;-1&amp;quot; style=&amp;quot;top: 0px; height: 678px;&amp;quot;&amp;gt;...&amp;lt;/div&amp;gt;
  (Session info: chrome=52.0.2743.116)
  (Driver info: chromedriver=2.14.313457 (3d645c400edf2e2c500566c9aa096063e707c9cf),platform=Linux 3.16.0-77-generic x86_64) (WARNING: The server did not provide any stacktrace information)
Command duration or timeout: 59 milliseconds
Build info: version: &amp;apos;3.0.0-beta3&amp;apos;, revision: &amp;apos;c7b525d&amp;apos;, time: &amp;apos;2016-09-01 14:57:03 -0700&amp;apos;
System info: host: &amp;apos;Neha&amp;apos;, ip: &amp;apos;127.0.1.1&amp;apos;, os.name: &amp;apos;Linux&amp;apos;, os.arch: &amp;apos;amd64&amp;apos;, os.version: &amp;apos;3.16.0-77-generic&amp;apos;, java.version: &amp;apos;1.8.0_101&amp;apos;
Driver info: org.openqa.selenium.chrome.ChromeDriver
Capabilities [{applicationCacheEnabled=false, rotatable=false, mobileEmulationEnabled=false, chrome={userDataDir=/tmp/.com.google.Chrome.zLYqzo}, takesHeapSnapshot=true, databaseEnabled=false, handlesAlerts=true, version=52.0.2743.116, platform=LINUX, browserConnectionEnabled=false, nativeEvents=true, acceptSslCerts=true, locationContextEnabled=true, webStorageEnabled=true, browserName=chrome, takesScreenshot=true, javascriptEnabled=true, cssSelectorsEnabled=true}]
Session ID: 1385769e71887d8ddf65f726f04efc54">
      <![CDATA[org.openqa.selenium.WebDriverException: unknown error: Element is not clickable at point (1265, 22). Other element would receive the click: <div class="md-dialog-container ng-scope" tabindex="-1" style="top: 0px; height: 678px;">...</div>
  (Session info: chrome=52.0.2743.116)
  (Driver info: chromedriver=2.14.313457 (3d645c400edf2e2c500566c9aa096063e707c9cf),platform=Linux 3.16.0-77-generic x86_64) (WARNING: The server did not provide any stacktrace information)
Command duration or timeout: 59 milliseconds
Build info: version: '3.0.0-beta3', revision: 'c7b525d', time: '2016-09-01 14:57:03 -0700'
System info: host: 'Neha', ip: '127.0.1.1', os.name: 'Linux', os.arch: 'amd64', os.version: '3.16.0-77-generic', java.version: '1.8.0_101'
Driver info: org.openqa.selenium.chrome.ChromeDriver
Capabilities [{applicationCacheEnabled=false, rotatable=false, mobileEmulationEnabled=false, chrome={userDataDir=/tmp/.com.google.Chrome.zLYqzo}, takesHeapSnapshot=true, databaseEnabled=false, handlesAlerts=true, version=52.0.2743.116, platform=LINUX, browserConnectionEnabled=false, nativeEvents=true, acceptSslCerts=true, locationContextEnabled=true, webStorageEnabled=true, browserName=chrome, takesScreenshot=true, javascriptEnabled=true, cssSelectorsEnabled=true}]
Session ID: 1385769e71887d8ddf65f726f04efc54
	at org.openqa.selenium.remote.ErrorHandler.createThrowable(ErrorHandler.java:206)
	at org.openqa.selenium.remote.ErrorHandler.throwIfResponseFailed(ErrorHandler.java:158)
	at org.openqa.selenium.remote.RemoteWebDriver.execute(RemoteWebDriver.java:631)
	at org.openqa.selenium.remote.RemoteWebElement.execute(RemoteWebElement.java:284)
	at org.openqa.selenium.remote.RemoteWebElement.click(RemoteWebElement.java:84)
	at heartkeeper.Signup.logout(Signup.java:58)
... Removed 28 stack frames]]>
    </failure>
  </testcase> <!--  -->
  <testcase name="" time="11.352" classname="heartkeeper.LoginViaFacebook">
    <failure type="org.openqa.selenium.NoSuchElementException" message="no such element
  (Session info: chrome=52.0.2743.116)
  (Driver info: chromedriver=2.14.313457 (3d645c400edf2e2c500566c9aa096063e707c9cf),platform=Linux 3.16.0-77-generic x86_64) (WARNING: The server did not provide any stacktrace information)
Command duration or timeout: 33 milliseconds
For documentation on this error, please visit: http://seleniumhq.org/exceptions/no_such_element.html
Build info: version: &amp;apos;3.0.0-beta3&amp;apos;, revision: &amp;apos;c7b525d&amp;apos;, time: &amp;apos;2016-09-01 14:57:03 -0700&amp;apos;
System info: host: &amp;apos;Neha&amp;apos;, ip: &amp;apos;127.0.1.1&amp;apos;, os.name: &amp;apos;Linux&amp;apos;, os.arch: &amp;apos;amd64&amp;apos;, os.version: &amp;apos;3.16.0-77-generic&amp;apos;, java.version: &amp;apos;1.8.0_101&amp;apos;
Driver info: org.openqa.selenium.chrome.ChromeDriver
Capabilities [{applicationCacheEnabled=false, rotatable=false, mobileEmulationEnabled=false, chrome={userDataDir=/tmp/.com.google.Chrome.N6razv}, takesHeapSnapshot=true, databaseEnabled=false, handlesAlerts=true, version=52.0.2743.116, platform=LINUX, browserConnectionEnabled=false, nativeEvents=true, acceptSslCerts=true, locationContextEnabled=true, webStorageEnabled=true, browserName=chrome, takesScreenshot=true, javascriptEnabled=true, cssSelectorsEnabled=true}]
Session ID: ae7acaa45dc325e97d82592f64db70af
*** Element info: {Using=id, value=email}">
      <![CDATA[org.openqa.selenium.NoSuchElementException: no such element
  (Session info: chrome=52.0.2743.116)
  (Driver info: chromedriver=2.14.313457 (3d645c400edf2e2c500566c9aa096063e707c9cf),platform=Linux 3.16.0-77-generic x86_64) (WARNING: The server did not provide any stacktrace information)
Command duration or timeout: 33 milliseconds
For documentation on this error, please visit: http://seleniumhq.org/exceptions/no_such_element.html
Build info: version: '3.0.0-beta3', revision: 'c7b525d', time: '2016-09-01 14:57:03 -0700'
System info: host: 'Neha', ip: '127.0.1.1', os.name: 'Linux', os.arch: 'amd64', os.version: '3.16.0-77-generic', java.version: '1.8.0_101'
Driver info: org.openqa.selenium.chrome.ChromeDriver
Capabilities [{applicationCacheEnabled=false, rotatable=false, mobileEmulationEnabled=false, chrome={userDataDir=/tmp/.com.google.Chrome.N6razv}, takesHeapSnapshot=true, databaseEnabled=false, handlesAlerts=true, version=52.0.2743.116, platform=LINUX, browserConnectionEnabled=false, nativeEvents=true, acceptSslCerts=true, locationContextEnabled=true, webStorageEnabled=true, browserName=chrome, takesScreenshot=true, javascriptEnabled=true, cssSelectorsEnabled=true}]
Session ID: ae7acaa45dc325e97d82592f64db70af
*** Element info: {Using=id, value=email}
	at org.openqa.selenium.remote.ErrorHandler.createThrowable(ErrorHandler.java:206)
	at org.openqa.selenium.remote.ErrorHandler.throwIfResponseFailed(ErrorHandler.java:158)
	at org.openqa.selenium.remote.RemoteWebDriver.execute(RemoteWebDriver.java:631)
	at org.openqa.selenium.remote.RemoteWebDriver.findElement(RemoteWebDriver.java:369)
	at org.openqa.selenium.remote.RemoteWebDriver.findElementById(RemoteWebDriver.java:418)
	at org.openqa.selenium.By$ById.findElement(By.java:218)
	at org.openqa.selenium.remote.RemoteWebDriver.findElement(RemoteWebDriver.java:361)
	at heartkeeper.LoginViaFacebook.loginfb(LoginViaFacebook.java:61)
... Removed 28 stack frames]]>
    </failure>
  </testcase> <!--  -->
  <testcase name="logout" time="0.0" classname="heartkeeper.LoginViaFacebook">
    <skipped/>
  </testcase> <!-- logout -->
  <testcase name="" time="16.624" classname="heartkeeper.LoginViaGoogle">
    <failure type="org.openqa.selenium.NoSuchElementException" message="no such element
  (Session info: chrome=52.0.2743.116)
  (Driver info: chromedriver=2.14.313457 (3d645c400edf2e2c500566c9aa096063e707c9cf),platform=Linux 3.16.0-77-generic x86_64) (WARNING: The server did not provide any stacktrace information)
Command duration or timeout: 30 milliseconds
For documentation on this error, please visit: http://seleniumhq.org/exceptions/no_such_element.html
Build info: version: &amp;apos;3.0.0-beta3&amp;apos;, revision: &amp;apos;c7b525d&amp;apos;, time: &amp;apos;2016-09-01 14:57:03 -0700&amp;apos;
System info: host: &amp;apos;Neha&amp;apos;, ip: &amp;apos;127.0.1.1&amp;apos;, os.name: &amp;apos;Linux&amp;apos;, os.arch: &amp;apos;amd64&amp;apos;, os.version: &amp;apos;3.16.0-77-generic&amp;apos;, java.version: &amp;apos;1.8.0_101&amp;apos;
Driver info: org.openqa.selenium.chrome.ChromeDriver
Capabilities [{applicationCacheEnabled=false, rotatable=false, mobileEmulationEnabled=false, chrome={userDataDir=/tmp/.com.google.Chrome.pUp161}, takesHeapSnapshot=true, databaseEnabled=false, handlesAlerts=true, version=52.0.2743.116, platform=LINUX, browserConnectionEnabled=false, nativeEvents=true, acceptSslCerts=true, locationContextEnabled=true, webStorageEnabled=true, browserName=chrome, takesScreenshot=true, javascriptEnabled=true, cssSelectorsEnabled=true}]
Session ID: 0838878dac1d291c330cdd5ebd440c97
*** Element info: {Using=id, value=submit_approve_access}">
      <![CDATA[org.openqa.selenium.NoSuchElementException: no such element
  (Session info: chrome=52.0.2743.116)
  (Driver info: chromedriver=2.14.313457 (3d645c400edf2e2c500566c9aa096063e707c9cf),platform=Linux 3.16.0-77-generic x86_64) (WARNING: The server did not provide any stacktrace information)
Command duration or timeout: 30 milliseconds
For documentation on this error, please visit: http://seleniumhq.org/exceptions/no_such_element.html
Build info: version: '3.0.0-beta3', revision: 'c7b525d', time: '2016-09-01 14:57:03 -0700'
System info: host: 'Neha', ip: '127.0.1.1', os.name: 'Linux', os.arch: 'amd64', os.version: '3.16.0-77-generic', java.version: '1.8.0_101'
Driver info: org.openqa.selenium.chrome.ChromeDriver
Capabilities [{applicationCacheEnabled=false, rotatable=false, mobileEmulationEnabled=false, chrome={userDataDir=/tmp/.com.google.Chrome.pUp161}, takesHeapSnapshot=true, databaseEnabled=false, handlesAlerts=true, version=52.0.2743.116, platform=LINUX, browserConnectionEnabled=false, nativeEvents=true, acceptSslCerts=true, locationContextEnabled=true, webStorageEnabled=true, browserName=chrome, takesScreenshot=true, javascriptEnabled=true, cssSelectorsEnabled=true}]
Session ID: 0838878dac1d291c330cdd5ebd440c97
*** Element info: {Using=id, value=submit_approve_access}
	at org.openqa.selenium.remote.ErrorHandler.createThrowable(ErrorHandler.java:206)
	at org.openqa.selenium.remote.ErrorHandler.throwIfResponseFailed(ErrorHandler.java:158)
	at org.openqa.selenium.remote.RemoteWebDriver.execute(RemoteWebDriver.java:631)
	at org.openqa.selenium.remote.RemoteWebDriver.findElement(RemoteWebDriver.java:369)
	at org.openqa.selenium.remote.RemoteWebDriver.findElementById(RemoteWebDriver.java:418)
	at org.openqa.selenium.By$ById.findElement(By.java:218)
	at org.openqa.selenium.remote.RemoteWebDriver.findElement(RemoteWebDriver.java:361)
	at heartkeeper.LoginViaGoogle.logingoogle(LoginViaGoogle.java:72)
... Removed 28 stack frames]]>
    </failure>
  </testcase> <!--  -->
  <testcase name="logout" time="0.0" classname="heartkeeper.LoginViaGoogle">
    <skipped/>
  </testcase> <!-- logout -->
  <testcase name="" time="5.967" classname="heartkeeper.ForgotPassword"/>
  <testcase name="" time="3.673" classname="heartkeeper.ForgotPassword"/>
  <testcase name="" time="1.487" classname="heartkeeper.Profile"/>
  <testcase name="" time="32.199" classname="heartkeeper.Profile"/>
  <testcase name="" time="2.614" classname="heartkeeper.Profile"/>
  <testcase name="" time="1.318" classname="heartkeeper.SpecifyBreakup"/>
  <testcase name="" time="9.374" classname="heartkeeper.SpecifyBreakup"/>
  <testcase name="" time="2.411" classname="heartkeeper.SpecifyBreakup"/>
  <testcase name="" time="0.593" classname="heartkeeper.OnBoardHealer"/>
  <testcase name="" time="33.945" classname="heartkeeper.OnBoardHealer"/>
  <testcase name="" time="4.082" classname="heartkeeper.OnBoardHealer"/>
</testsuite> <!-- Test -->
